<?xml version="1.0" encoding="UTF-8"?>
<!-- Generated by org.testng.reporters.JUnitXMLReporter -->
<testsuite ignored="0" hostname="DESKTOP-R949FD7" failures="0" tests="4" name="Default test" time="75.856" errors="0" timestamp="2021-06-21T14:58:04 IST">
  <testcase classname="dataprovider.loginpage" name="test" time="41.186"/>
  <testcase classname="dataprovider.loginpage" name="test" time="5.766"/>
  <testcase classname="dataprovider.loginpage" name="test" time="6.374"/>
  <testcase classname="dataprovider.loginpage" name="test" time="5.172"/>
</testsuite> <!-- Default test -->
